{"numFailedTestSuites":1,"numFailedTests":19,"numPassedTestSuites":0,"numPassedTests":25,"numPendingTestSuites":0,"numPendingTests":0,"numRuntimeErrorTestSuites":0,"numTodoTests":0,"numTotalTestSuites":1,"numTotalTests":44,"openHandles":[],"snapshot":{"added":0,"didUpdate":false,"failure":false,"filesAdded":0,"filesRemoved":0,"filesRemovedList":[],"filesUnmatched":0,"filesUpdated":0,"matched":0,"total":0,"unchecked":0,"uncheckedKeysByFile":[],"unmatched":0,"updated":0},"startTime":1772211200440,"success":false,"testResults":[{"assertionResults":[{"ancestorTitles":["ExtractorAgent","Extraction Configurations"],"duration":7,"failureDetails":[],"failureMessages":[],"fullName":"ExtractorAgent Extraction Configurations should have configuration for PASSPORT category","invocations":1,"location":null,"numPassingAsserts":8,"retryReasons":[],"status":"passed","title":"should have configuration for PASSPORT category"},{"ancestorTitles":["ExtractorAgent","Extraction Configurations"],"duration":1,"failureDetails":[],"failureMessages":[],"fullName":"ExtractorAgent Extraction Configurations should have configuration for EMIRATES_ID category","invocations":1,"location":null,"numPassingAsserts":5,"retryReasons":[],"status":"passed","title":"should have configuration for EMIRATES_ID category"},{"ancestorTitles":["ExtractorAgent","Extraction Configurations"],"duration":0,"failureDetails":[],"failureMessages":[],"fullName":"ExtractorAgent Extraction Configurations should have configuration for VISA category","invocations":1,"location":null,"numPassingAsserts":5,"retryReasons":[],"status":"passed","title":"should have configuration for VISA category"},{"ancestorTitles":["ExtractorAgent","Extraction Configurations"],"duration":1,"failureDetails":[],"failureMessages":[],"fullName":"ExtractorAgent Extraction Configurations should have required field markers","invocations":1,"location":null,"numPassingAsserts":3,"retryReasons":[],"status":"passed","title":"should have required field markers"},{"ancestorTitles":["ExtractorAgent","Extraction Configurations"],"duration":1,"failureDetails":[],"failureMessages":[],"fullName":"ExtractorAgent Extraction Configurations should have pattern validators for ID fields","invocations":1,"location":null,"numPassingAsserts":4,"retryReasons":[],"status":"passed","title":"should have pattern validators for ID fields"},{"ancestorTitles":["ExtractorAgent","extractWithPatterns"],"duration":1,"failureDetails":[],"failureMessages":[],"fullName":"ExtractorAgent extractWithPatterns should extract passport number from text","invocations":1,"location":null,"numPassingAsserts":4,"retryReasons":[],"status":"passed","title":"should extract passport number from text"},{"ancestorTitles":["ExtractorAgent","extractWithPatterns"],"duration":1,"failureDetails":[],"failureMessages":[],"fullName":"ExtractorAgent extractWithPatterns should extract Emirates ID from text","invocations":1,"location":null,"numPassingAsserts":4,"retryReasons":[],"status":"passed","title":"should extract Emirates ID from text"},{"ancestorTitles":["ExtractorAgent","extractWithPatterns"],"duration":1,"failureDetails":[],"failureMessages":[],"fullName":"ExtractorAgent extractWithPatterns should extract dates from text","invocations":1,"location":null,"numPassingAsserts":4,"retryReasons":[],"status":"passed","title":"should extract dates from text"},{"ancestorTitles":["ExtractorAgent","extractWithPatterns"],"duration":0,"failureDetails":[],"failureMessages":[],"fullName":"ExtractorAgent extractWithPatterns should extract name fields","invocations":1,"location":null,"numPassingAsserts":2,"retryReasons":[],"status":"passed","title":"should extract name fields"},{"ancestorTitles":["ExtractorAgent","extractWithPatterns"],"duration":1,"failureDetails":[],"failureMessages":[],"fullName":"ExtractorAgent extractWithPatterns should handle IBAN extraction","invocations":1,"location":null,"numPassingAsserts":2,"retryReasons":[],"status":"passed","title":"should handle IBAN extraction"},{"ancestorTitles":["ExtractorAgent","extractWithPatterns"],"duration":0,"failureDetails":[],"failureMessages":[],"fullName":"ExtractorAgent extractWithPatterns should return empty object for unrecognizable text","invocations":1,"location":null,"numPassingAsserts":1,"retryReasons":[],"status":"passed","title":"should return empty object for unrecognizable text"},{"ancestorTitles":["ExtractorAgent","validateWithPattern"],"duration":0,"failureDetails":[],"failureMessages":[],"fullName":"ExtractorAgent validateWithPattern should return boost for valid Emirates ID pattern","invocations":1,"location":null,"numPassingAsserts":1,"retryReasons":[],"status":"passed","title":"should return boost for valid Emirates ID pattern"},{"ancestorTitles":["ExtractorAgent","validateWithPattern"],"duration":1,"failureDetails":[],"failureMessages":[],"fullName":"ExtractorAgent validateWithPattern should return 0 for invalid Emirates ID pattern","invocations":1,"location":null,"numPassingAsserts":1,"retryReasons":[],"status":"passed","title":"should return 0 for invalid Emirates ID pattern"},{"ancestorTitles":["ExtractorAgent","validateWithPattern"],"duration":0,"failureDetails":[],"failureMessages":[],"fullName":"ExtractorAgent validateWithPattern should return 0 for null values","invocations":1,"location":null,"numPassingAsserts":1,"retryReasons":[],"status":"passed","title":"should return 0 for null values"},{"ancestorTitles":["ExtractorAgent","validateWithPattern"],"duration":0,"failureDetails":[],"failureMessages":[],"fullName":"ExtractorAgent validateWithPattern should return 0 for unknown categories","invocations":1,"location":null,"numPassingAsserts":1,"retryReasons":[],"status":"passed","title":"should return 0 for unknown categories"},{"ancestorTitles":["ExtractorAgent","validateWithPattern"],"duration":1,"failureDetails":[],"failureMessages":[],"fullName":"ExtractorAgent validateWithPattern should handle date pattern validation","invocations":1,"location":null,"numPassingAsserts":1,"retryReasons":[],"status":"passed","title":"should handle date pattern validation"},{"ancestorTitles":["ExtractorAgent","mergeExtractionResults"],"duration":0,"failureDetails":[],"failureMessages":[],"fullName":"ExtractorAgent mergeExtractionResults should combine fields from both sources","invocations":1,"location":null,"numPassingAsserts":5,"retryReasons":[],"status":"passed","title":"should combine fields from both sources"},{"ancestorTitles":["ExtractorAgent","mergeExtractionResults"],"duration":0,"failureDetails":[{}],"failureMessages":["TypeError: piiSafeLogger_1.piiSafeLogger.debug is not a function\n    at mergeExtractionResults (N:\\IntelliFill\\quikadmin\\src\\multiagent\\agents\\extractorAgent.ts:1130:16)\n    at Object.<anonymous> (N:\\IntelliFill\\quikadmin\\src\\multiagent\\agents\\__tests__\\extractorAgent.test.ts:272:44)\n    at Promise.then.completed (N:\\IntelliFill\\node_modules\\.pnpm\\jest-circus@29.7.0\\node_modules\\jest-circus\\build\\utils.js:298:28)\n    at new Promise (<anonymous>)\n    at callAsyncCircusFn (N:\\IntelliFill\\node_modules\\.pnpm\\jest-circus@29.7.0\\node_modules\\jest-circus\\build\\utils.js:231:10)\n    at _callCircusTest (N:\\IntelliFill\\node_modules\\.pnpm\\jest-circus@29.7.0\\node_modules\\jest-circus\\build\\run.js:316:40)\n    at processTicksAndRejections (node:internal/process/task_queues:95:5)\n    at _runTest (N:\\IntelliFill\\node_modules\\.pnpm\\jest-circus@29.7.0\\node_modules\\jest-circus\\build\\run.js:252:3)\n    at _runTestsForDescribeBlock (N:\\IntelliFill\\node_modules\\.pnpm\\jest-circus@29.7.0\\node_modules\\jest-circus\\build\\run.js:126:9)\n    at _runTestsForDescribeBlock (N:\\IntelliFill\\node_modules\\.pnpm\\jest-circus@29.7.0\\node_modules\\jest-circus\\build\\run.js:121:9)\n    at _runTestsForDescribeBlock (N:\\IntelliFill\\node_modules\\.pnpm\\jest-circus@29.7.0\\node_modules\\jest-circus\\build\\run.js:121:9)\n    at run (N:\\IntelliFill\\node_modules\\.pnpm\\jest-circus@29.7.0\\node_modules\\jest-circus\\build\\run.js:71:3)\n    at runAndTransformResultsToJestFormat (N:\\IntelliFill\\node_modules\\.pnpm\\jest-circus@29.7.0\\node_modules\\jest-circus\\build\\legacy-code-todo-rewrite\\jestAdapterInit.js:122:21)\n    at jestAdapter (N:\\IntelliFill\\node_modules\\.pnpm\\jest-circus@29.7.0\\node_modules\\jest-circus\\build\\legacy-code-todo-rewrite\\jestAdapter.js:79:19)\n    at runTestInternal (N:\\IntelliFill\\node_modules\\.pnpm\\jest-runner@29.7.0\\node_modules\\jest-runner\\build\\runTest.js:367:16)\n    at runTest (N:\\IntelliFill\\node_modules\\.pnpm\\jest-runner@29.7.0\\node_modules\\jest-runner\\build\\runTest.js:444:34)\n    at Object.worker (N:\\IntelliFill\\node_modules\\.pnpm\\jest-runner@29.7.0\\node_modules\\jest-runner\\build\\testWorker.js:106:12)"],"fullName":"ExtractorAgent mergeExtractionResults should prefer higher confidence values","invocations":1,"location":null,"numPassingAsserts":0,"retryReasons":[],"status":"failed","title":"should prefer higher confidence values"},{"ancestorTitles":["ExtractorAgent","mergeExtractionResults"],"duration":0,"failureDetails":[],"failureMessages":[],"fullName":"ExtractorAgent mergeExtractionResults should prefer pattern value when LLM returned null","invocations":1,"location":null,"numPassingAsserts":2,"retryReasons":[],"status":"passed","title":"should prefer pattern value when LLM returned null"},{"ancestorTitles":["ExtractorAgent","mergeExtractionResults"],"duration":1,"failureDetails":[],"failureMessages":[],"fullName":"ExtractorAgent mergeExtractionResults should keep LLM value when confidence is higher","invocations":1,"location":null,"numPassingAsserts":2,"retryReasons":[],"status":"passed","title":"should keep LLM value when confidence is higher"},{"ancestorTitles":["ExtractorAgent","extractDocumentData with Gemini"],"duration":1,"failureDetails":[{}],"failureMessages":["TypeError: piiSafeLogger_1.piiSafeLogger.warn is not a function\n    at extractDocumentData (N:\\IntelliFill\\quikadmin\\src\\multiagent\\agents\\extractorAgent.ts:1565:12)\n    at processTicksAndRejections (node:internal/process/task_queues:95:5)\n    at Object.<anonymous> (N:\\IntelliFill\\quikadmin\\src\\multiagent\\agents\\__tests__\\extractorAgent.test.ts:345:22)"],"fullName":"ExtractorAgent extractDocumentData with Gemini should extract passport data using Gemini API","invocations":1,"location":null,"numPassingAsserts":0,"retryReasons":[],"status":"failed","title":"should extract passport data using Gemini API"},{"ancestorTitles":["ExtractorAgent","extractDocumentData with Gemini"],"duration":1,"failureDetails":[{}],"failureMessages":["TypeError: piiSafeLogger_1.piiSafeLogger.warn is not a function\n    at extractDocumentData (N:\\IntelliFill\\quikadmin\\src\\multiagent\\agents\\extractorAgent.ts:1565:12)\n    at processTicksAndRejections (node:internal/process/task_queues:95:5)\n    at Object.<anonymous> (N:\\IntelliFill\\quikadmin\\src\\multiagent\\agents\\__tests__\\extractorAgent.test.ts:384:22)"],"fullName":"ExtractorAgent extractDocumentData with Gemini should extract Emirates ID data","invocations":1,"location":null,"numPassingAsserts":0,"retryReasons":[],"status":"failed","title":"should extract Emirates ID data"},{"ancestorTitles":["ExtractorAgent","extractDocumentData with Gemini"],"duration":1,"failureDetails":[{}],"failureMessages":["TypeError: piiSafeLogger_1.piiSafeLogger.warn is not a function\n    at extractDocumentData (N:\\IntelliFill\\quikadmin\\src\\multiagent\\agents\\extractorAgent.ts:1565:12)\n    at processTicksAndRejections (node:internal/process/task_queues:95:5)\n    at Object.<anonymous> (N:\\IntelliFill\\quikadmin\\src\\multiagent\\agents\\__tests__\\extractorAgent.test.ts:422:22)"],"fullName":"ExtractorAgent extractDocumentData with Gemini should extract visa data","invocations":1,"location":null,"numPassingAsserts":0,"retryReasons":[],"status":"failed","title":"should extract visa data"},{"ancestorTitles":["ExtractorAgent","extractDocumentData with Gemini"],"duration":1,"failureDetails":[{}],"failureMessages":["TypeError: piiSafeLogger_1.piiSafeLogger.warn is not a function\n    at extractDocumentData (N:\\IntelliFill\\quikadmin\\src\\multiagent\\agents\\extractorAgent.ts:1565:12)\n    at processTicksAndRejections (node:internal/process/task_queues:95:5)\n    at Object.<anonymous> (N:\\IntelliFill\\quikadmin\\src\\multiagent\\agents\\__tests__\\extractorAgent.test.ts:445:22)"],"fullName":"ExtractorAgent extractDocumentData with Gemini should fallback to pattern matching when Gemini fails","invocations":1,"location":null,"numPassingAsserts":0,"retryReasons":[],"status":"failed","title":"should fallback to pattern matching when Gemini fails"},{"ancestorTitles":["ExtractorAgent","extractDocumentData with Gemini"],"duration":1,"failureDetails":[{}],"failureMessages":["TypeError: piiSafeLogger_1.piiSafeLogger.warn is not a function\n    at extractDocumentData (N:\\IntelliFill\\quikadmin\\src\\multiagent\\agents\\extractorAgent.ts:1565:12)\n    at processTicksAndRejections (node:internal/process/task_queues:95:5)\n    at Object.<anonymous> (N:\\IntelliFill\\quikadmin\\src\\multiagent\\agents\\__tests__\\extractorAgent.test.ts:474:22)"],"fullName":"ExtractorAgent extractDocumentData with Gemini should handle Gemini response with markdown code blocks","invocations":1,"location":null,"numPassingAsserts":0,"retryReasons":[],"status":"failed","title":"should handle Gemini response with markdown code blocks"},{"ancestorTitles":["ExtractorAgent","extractDocumentData with Gemini"],"duration":1,"failureDetails":[{}],"failureMessages":["TypeError: piiSafeLogger_1.piiSafeLogger.warn is not a function\n    at extractDocumentData (N:\\IntelliFill\\quikadmin\\src\\multiagent\\agents\\extractorAgent.ts:1565:12)\n    at processTicksAndRejections (node:internal/process/task_queues:95:5)\n    at Object.<anonymous> (N:\\IntelliFill\\quikadmin\\src\\multiagent\\agents\\__tests__\\extractorAgent.test.ts:506:22)"],"fullName":"ExtractorAgent extractDocumentData with Gemini should merge LLM and pattern results","invocations":1,"location":null,"numPassingAsserts":0,"retryReasons":[],"status":"failed","title":"should merge LLM and pattern results"},{"ancestorTitles":["ExtractorAgent","extractDocumentData with Gemini"],"duration":2,"failureDetails":[{}],"failureMessages":["TypeError: piiSafeLogger_1.piiSafeLogger.warn is not a function\n    at extractDocumentData (N:\\IntelliFill\\quikadmin\\src\\multiagent\\agents\\extractorAgent.ts:1565:12)\n    at processTicksAndRejections (node:internal/process/task_queues:95:5)\n    at Object.<anonymous> (N:\\IntelliFill\\quikadmin\\src\\multiagent\\agents\\__tests__\\extractorAgent.test.ts:535:22)"],"fullName":"ExtractorAgent extractDocumentData with Gemini should handle image-based extraction","invocations":1,"location":null,"numPassingAsserts":0,"retryReasons":[],"status":"failed","title":"should handle image-based extraction"},{"ancestorTitles":["ExtractorAgent","extractDocumentData with Gemini"],"duration":0,"failureDetails":[{}],"failureMessages":["TypeError: piiSafeLogger_1.piiSafeLogger.warn is not a function\n    at extractDocumentData (N:\\IntelliFill\\quikadmin\\src\\multiagent\\agents\\extractorAgent.ts:1565:12)\n    at processTicksAndRejections (node:internal/process/task_queues:95:5)\n    at Object.<anonymous> (N:\\IntelliFill\\quikadmin\\src\\multiagent\\agents\\__tests__\\extractorAgent.test.ts:562:22)"],"fullName":"ExtractorAgent extractDocumentData with Gemini should clamp confidence values to 0-100 range","invocations":1,"location":null,"numPassingAsserts":0,"retryReasons":[],"status":"failed","title":"should clamp confidence values to 0-100 range"},{"ancestorTitles":["ExtractorAgent","extractDocumentData with Gemini"],"duration":0,"failureDetails":[{}],"failureMessages":["TypeError: piiSafeLogger_1.piiSafeLogger.warn is not a function\n    at extractDocumentData (N:\\IntelliFill\\quikadmin\\src\\multiagent\\agents\\extractorAgent.ts:1565:12)\n    at processTicksAndRejections (node:internal/process/task_queues:95:5)\n    at Object.<anonymous> (N:\\IntelliFill\\quikadmin\\src\\multiagent\\agents\\__tests__\\extractorAgent.test.ts:588:22)"],"fullName":"ExtractorAgent extractDocumentData with Gemini should retry on transient failures","invocations":1,"location":null,"numPassingAsserts":0,"retryReasons":[],"status":"failed","title":"should retry on transient failures"},{"ancestorTitles":["ExtractorAgent","ExtractionResult Structure"],"duration":0,"failureDetails":[{}],"failureMessages":["TypeError: piiSafeLogger_1.piiSafeLogger.warn is not a function\n    at extractDocumentData (N:\\IntelliFill\\quikadmin\\src\\multiagent\\agents\\extractorAgent.ts:1565:12)\n    at processTicksAndRejections (node:internal/process/task_queues:95:5)\n    at Object.<anonymous> (N:\\IntelliFill\\quikadmin\\src\\multiagent\\agents\\__tests__\\extractorAgent.test.ts:612:22)"],"fullName":"ExtractorAgent ExtractionResult Structure should return valid ExtractionResult structure","invocations":1,"location":null,"numPassingAsserts":0,"retryReasons":[],"status":"failed","title":"should return valid ExtractionResult structure"},{"ancestorTitles":["ExtractorAgent","ExtractionResult Structure"],"duration":1,"failureDetails":[{}],"failureMessages":["TypeError: piiSafeLogger_1.piiSafeLogger.warn is not a function\n    at extractDocumentData (N:\\IntelliFill\\quikadmin\\src\\multiagent\\agents\\extractorAgent.ts:1565:12)\n    at processTicksAndRejections (node:internal/process/task_queues:95:5)\n    at Object.<anonymous> (N:\\IntelliFill\\quikadmin\\src\\multiagent\\agents\\__tests__\\extractorAgent.test.ts:645:22)"],"fullName":"ExtractorAgent ExtractionResult Structure should include per-field confidence in ExtractedFieldResult format","invocations":1,"location":null,"numPassingAsserts":0,"retryReasons":[],"status":"failed","title":"should include per-field confidence in ExtractedFieldResult format"},{"ancestorTitles":["ExtractorAgent","Edge Cases"],"duration":0,"failureDetails":[{}],"failureMessages":["TypeError: piiSafeLogger_1.piiSafeLogger.warn is not a function\n    at extractDocumentData (N:\\IntelliFill\\quikadmin\\src\\multiagent\\agents\\extractorAgent.ts:1565:12)\n    at processTicksAndRejections (node:internal/process/task_queues:95:5)\n    at Object.<anonymous> (N:\\IntelliFill\\quikadmin\\src\\multiagent\\agents\\__tests__\\extractorAgent.test.ts:672:22)"],"fullName":"ExtractorAgent Edge Cases should handle empty text","invocations":1,"location":null,"numPassingAsserts":0,"retryReasons":[],"status":"failed","title":"should handle empty text"},{"ancestorTitles":["ExtractorAgent","Edge Cases"],"duration":0,"failureDetails":[{}],"failureMessages":["TypeError: piiSafeLogger_1.piiSafeLogger.warn is not a function\n    at extractDocumentData (N:\\IntelliFill\\quikadmin\\src\\multiagent\\agents\\extractorAgent.ts:1565:12)\n    at processTicksAndRejections (node:internal/process/task_queues:95:5)\n    at Object.<anonymous> (N:\\IntelliFill\\quikadmin\\src\\multiagent\\agents\\__tests__\\extractorAgent.test.ts:693:22)"],"fullName":"ExtractorAgent Edge Cases should handle very long text","invocations":1,"location":null,"numPassingAsserts":0,"retryReasons":[],"status":"failed","title":"should handle very long text"},{"ancestorTitles":["ExtractorAgent","Edge Cases"],"duration":1,"failureDetails":[{}],"failureMessages":["TypeError: piiSafeLogger_1.piiSafeLogger.warn is not a function\n    at extractDocumentData (N:\\IntelliFill\\quikadmin\\src\\multiagent\\agents\\extractorAgent.ts:1565:12)\n    at processTicksAndRejections (node:internal/process/task_queues:95:5)\n    at Object.<anonymous> (N:\\IntelliFill\\quikadmin\\src\\multiagent\\agents\\__tests__\\extractorAgent.test.ts:714:22)"],"fullName":"ExtractorAgent Edge Cases should handle special characters","invocations":1,"location":null,"numPassingAsserts":0,"retryReasons":[],"status":"failed","title":"should handle special characters"},{"ancestorTitles":["ExtractorAgent","Edge Cases"],"duration":0,"failureDetails":[{}],"failureMessages":["TypeError: piiSafeLogger_1.piiSafeLogger.warn is not a function\n    at extractDocumentData (N:\\IntelliFill\\quikadmin\\src\\multiagent\\agents\\extractorAgent.ts:1565:12)\n    at processTicksAndRejections (node:internal/process/task_queues:95:5)\n    at Object.<anonymous> (N:\\IntelliFill\\quikadmin\\src\\multiagent\\agents\\__tests__\\extractorAgent.test.ts:738:22)"],"fullName":"ExtractorAgent Edge Cases should handle unicode characters","invocations":1,"location":null,"numPassingAsserts":0,"retryReasons":[],"status":"failed","title":"should handle unicode characters"},{"ancestorTitles":["ExtractorAgent","Edge Cases"],"duration":0,"failureDetails":[{}],"failureMessages":["TypeError: piiSafeLogger_1.piiSafeLogger.warn is not a function\n    at extractDocumentData (N:\\IntelliFill\\quikadmin\\src\\multiagent\\agents\\extractorAgent.ts:1565:12)\n    at processTicksAndRejections (node:internal/process/task_queues:95:5)\n    at Object.<anonymous> (N:\\IntelliFill\\quikadmin\\src\\multiagent\\agents\\__tests__\\extractorAgent.test.ts:756:22)"],"fullName":"ExtractorAgent Edge Cases should handle UNKNOWN category","invocations":1,"location":null,"numPassingAsserts":0,"retryReasons":[],"status":"failed","title":"should handle UNKNOWN category"},{"ancestorTitles":["ExtractorAgent","Edge Cases"],"duration":1,"failureDetails":[{}],"failureMessages":["TypeError: piiSafeLogger_1.piiSafeLogger.warn is not a function\n    at extractDocumentData (N:\\IntelliFill\\quikadmin\\src\\multiagent\\agents\\extractorAgent.ts:1565:12)\n    at processTicksAndRejections (node:internal/process/task_queues:95:5)\n    at Object.<anonymous> (N:\\IntelliFill\\quikadmin\\src\\multiagent\\agents\\__tests__\\extractorAgent.test.ts:768:22)"],"fullName":"ExtractorAgent Edge Cases should throw on API key error without retry","invocations":1,"location":null,"numPassingAsserts":0,"retryReasons":[],"status":"failed","title":"should throw on API key error without retry"},{"ancestorTitles":["ExtractorAgent","Confidence Thresholds"],"duration":0,"failureDetails":[],"failureMessages":[],"fullName":"ExtractorAgent Confidence Thresholds should export LOW_CONFIDENCE_THRESHOLD constant","invocations":1,"location":null,"numPassingAsserts":3,"retryReasons":[],"status":"passed","title":"should export LOW_CONFIDENCE_THRESHOLD constant"},{"ancestorTitles":["ExtractorAgent","Confidence Thresholds"],"duration":1,"failureDetails":[{}],"failureMessages":["TypeError: piiSafeLogger_1.piiSafeLogger.warn is not a function\n    at extractDocumentData (N:\\IntelliFill\\quikadmin\\src\\multiagent\\agents\\extractorAgent.ts:1565:12)\n    at processTicksAndRejections (node:internal/process/task_queues:95:5)\n    at Object.<anonymous> (N:\\IntelliFill\\quikadmin\\src\\multiagent\\agents\\__tests__\\extractorAgent.test.ts:801:22)"],"fullName":"ExtractorAgent Confidence Thresholds should apply pattern validation boost to valid patterns","invocations":1,"location":null,"numPassingAsserts":0,"retryReasons":[],"status":"failed","title":"should apply pattern validation boost to valid patterns"},{"ancestorTitles":["ExtractorAgent","Extraction Patterns"],"duration":0,"failureDetails":[],"failureMessages":[],"fullName":"ExtractorAgent Extraction Patterns should export EXTRACTION_PATTERNS object","invocations":1,"location":null,"numPassingAsserts":2,"retryReasons":[],"status":"passed","title":"should export EXTRACTION_PATTERNS object"},{"ancestorTitles":["ExtractorAgent","Extraction Patterns"],"duration":1,"failureDetails":[],"failureMessages":[],"fullName":"ExtractorAgent Extraction Patterns should have common field patterns","invocations":1,"location":null,"numPassingAsserts":5,"retryReasons":[],"status":"passed","title":"should have common field patterns"},{"ancestorTitles":["ExtractorAgent","Extraction Patterns"],"duration":0,"failureDetails":[],"failureMessages":[],"fullName":"ExtractorAgent Extraction Patterns passport pattern should match valid passport numbers","invocations":1,"location":null,"numPassingAsserts":2,"retryReasons":[],"status":"passed","title":"passport pattern should match valid passport numbers"},{"ancestorTitles":["ExtractorAgent","Extraction Patterns"],"duration":1,"failureDetails":[],"failureMessages":[],"fullName":"ExtractorAgent Extraction Patterns emirates_id pattern should match valid IDs","invocations":1,"location":null,"numPassingAsserts":2,"retryReasons":[],"status":"passed","title":"emirates_id pattern should match valid IDs"},{"ancestorTitles":["ExtractorAgent","Extraction Patterns"],"duration":0,"failureDetails":[],"failureMessages":[],"fullName":"ExtractorAgent Extraction Patterns date patterns should match various date formats","invocations":1,"location":null,"numPassingAsserts":3,"retryReasons":[],"status":"passed","title":"date patterns should match various date formats"}],"endTime":1772211201681,"message":"\u001b[1m\u001b[31m  \u001b[1m● \u001b[22m\u001b[1mExtractorAgent › mergeExtractionResults › should prefer higher confidence values\u001b[39m\u001b[22m\n\n    TypeError: piiSafeLogger_1.piiSafeLogger.debug is not a function\n\u001b[2m\u001b[22m\n\u001b[2m    \u001b[0m \u001b[90m 1128 |\u001b[39m         \u001b[36mconst\u001b[39m boostedConfidence \u001b[33m=\u001b[39m \u001b[33mMath\u001b[39m\u001b[33m.\u001b[39mmin(\u001b[35m100\u001b[39m\u001b[33m,\u001b[39m llmField\u001b[33m.\u001b[39mconfidence \u001b[33m+\u001b[39m \u001b[33mCROSS_VALIDATION_BOOST\u001b[39m)\u001b[33m;\u001b[39m\u001b[22m\n\u001b[2m     \u001b[90m 1129 |\u001b[39m\u001b[22m\n\u001b[2m    \u001b[31m\u001b[1m>\u001b[22m\u001b[2m\u001b[39m\u001b[90m 1130 |\u001b[39m         logger\u001b[33m.\u001b[39mdebug(\u001b[32m`Cross-validation boost for ${fieldName}`\u001b[39m\u001b[33m,\u001b[39m {\u001b[22m\n\u001b[2m     \u001b[90m      |\u001b[39m                \u001b[31m\u001b[1m^\u001b[22m\u001b[2m\u001b[39m\u001b[22m\n\u001b[2m     \u001b[90m 1131 |\u001b[39m           originalConfidence\u001b[33m:\u001b[39m llmField\u001b[33m.\u001b[39mconfidence\u001b[33m,\u001b[39m\u001b[22m\n\u001b[2m     \u001b[90m 1132 |\u001b[39m           boostedConfidence\u001b[33m,\u001b[39m\u001b[22m\n\u001b[2m     \u001b[90m 1133 |\u001b[39m         })\u001b[33m;\u001b[39m\u001b[0m\u001b[22m\n\u001b[2m\u001b[22m\n\u001b[2m      \u001b[2mat mergeExtractionResults (\u001b[22m\u001b[2msrc/multiagent/agents/extractorAgent.ts\u001b[2m:1130:16)\u001b[22m\u001b[2m\u001b[22m\n\u001b[2m      \u001b[2mat Object.<anonymous> (\u001b[22m\u001b[2m\u001b[0m\u001b[36msrc/multiagent/agents/__tests__/extractorAgent.test.ts\u001b[39m\u001b[0m\u001b[2m:272:44)\u001b[22m\u001b[2m\u001b[22m\n\n\u001b[1m\u001b[31m  \u001b[1m● \u001b[22m\u001b[1mExtractorAgent › extractDocumentData with Gemini › should extract passport data using Gemini API\u001b[39m\u001b[22m\n\n    TypeError: piiSafeLogger_1.piiSafeLogger.warn is not a function\n\u001b[2m\u001b[22m\n\u001b[2m    \u001b[0m \u001b[90m 1563 |\u001b[39m     })\u001b[33m;\u001b[39m\u001b[22m\n\u001b[2m     \u001b[90m 1564 |\u001b[39m   } \u001b[36mcatch\u001b[39m (error) {\u001b[22m\n\u001b[2m    \u001b[31m\u001b[1m>\u001b[22m\u001b[2m\u001b[39m\u001b[90m 1565 |\u001b[39m     logger\u001b[33m.\u001b[39mwarn(\u001b[32m'Gemini extraction failed, using pattern fallback'\u001b[39m\u001b[33m,\u001b[39m {\u001b[22m\n\u001b[2m     \u001b[90m      |\u001b[39m            \u001b[31m\u001b[1m^\u001b[22m\u001b[2m\u001b[39m\u001b[22m\n\u001b[2m     \u001b[90m 1566 |\u001b[39m       error\u001b[33m:\u001b[39m error \u001b[36minstanceof\u001b[39m \u001b[33mError\u001b[39m \u001b[33m?\u001b[39m error\u001b[33m.\u001b[39mmessage \u001b[33m:\u001b[39m \u001b[32m'Unknown error'\u001b[39m\u001b[33m,\u001b[39m\u001b[22m\n\u001b[2m     \u001b[90m 1567 |\u001b[39m     })\u001b[33m;\u001b[39m\u001b[22m\n\u001b[2m     \u001b[90m 1568 |\u001b[39m   }\u001b[0m\u001b[22m\n\u001b[2m\u001b[22m\n\u001b[2m      \u001b[2mat extractDocumentData (\u001b[22m\u001b[2msrc/multiagent/agents/extractorAgent.ts\u001b[2m:1565:12)\u001b[22m\u001b[2m\u001b[22m\n\u001b[2m      \u001b[2mat Object.<anonymous> (\u001b[22m\u001b[2m\u001b[0m\u001b[36msrc/multiagent/agents/__tests__/extractorAgent.test.ts\u001b[39m\u001b[0m\u001b[2m:345:22)\u001b[22m\u001b[2m\u001b[22m\n\n\u001b[1m\u001b[31m  \u001b[1m● \u001b[22m\u001b[1mExtractorAgent › extractDocumentData with Gemini › should extract Emirates ID data\u001b[39m\u001b[22m\n\n    TypeError: piiSafeLogger_1.piiSafeLogger.warn is not a function\n\u001b[2m\u001b[22m\n\u001b[2m    \u001b[0m \u001b[90m 1563 |\u001b[39m     })\u001b[33m;\u001b[39m\u001b[22m\n\u001b[2m     \u001b[90m 1564 |\u001b[39m   } \u001b[36mcatch\u001b[39m (error) {\u001b[22m\n\u001b[2m    \u001b[31m\u001b[1m>\u001b[22m\u001b[2m\u001b[39m\u001b[90m 1565 |\u001b[39m     logger\u001b[33m.\u001b[39mwarn(\u001b[32m'Gemini extraction failed, using pattern fallback'\u001b[39m\u001b[33m,\u001b[39m {\u001b[22m\n\u001b[2m     \u001b[90m      |\u001b[39m            \u001b[31m\u001b[1m^\u001b[22m\u001b[2m\u001b[39m\u001b[22m\n\u001b[2m     \u001b[90m 1566 |\u001b[39m       error\u001b[33m:\u001b[39m error \u001b[36minstanceof\u001b[39m \u001b[33mError\u001b[39m \u001b[33m?\u001b[39m error\u001b[33m.\u001b[39mmessage \u001b[33m:\u001b[39m \u001b[32m'Unknown error'\u001b[39m\u001b[33m,\u001b[39m\u001b[22m\n\u001b[2m     \u001b[90m 1567 |\u001b[39m     })\u001b[33m;\u001b[39m\u001b[22m\n\u001b[2m     \u001b[90m 1568 |\u001b[39m   }\u001b[0m\u001b[22m\n\u001b[2m\u001b[22m\n\u001b[2m      \u001b[2mat extractDocumentData (\u001b[22m\u001b[2msrc/multiagent/agents/extractorAgent.ts\u001b[2m:1565:12)\u001b[22m\u001b[2m\u001b[22m\n\u001b[2m      \u001b[2mat Object.<anonymous> (\u001b[22m\u001b[2m\u001b[0m\u001b[36msrc/multiagent/agents/__tests__/extractorAgent.test.ts\u001b[39m\u001b[0m\u001b[2m:384:22)\u001b[22m\u001b[2m\u001b[22m\n\n\u001b[1m\u001b[31m  \u001b[1m● \u001b[22m\u001b[1mExtractorAgent › extractDocumentData with Gemini › should extract visa data\u001b[39m\u001b[22m\n\n    TypeError: piiSafeLogger_1.piiSafeLogger.warn is not a function\n\u001b[2m\u001b[22m\n\u001b[2m    \u001b[0m \u001b[90m 1563 |\u001b[39m     })\u001b[33m;\u001b[39m\u001b[22m\n\u001b[2m     \u001b[90m 1564 |\u001b[39m   } \u001b[36mcatch\u001b[39m (error) {\u001b[22m\n\u001b[2m    \u001b[31m\u001b[1m>\u001b[22m\u001b[2m\u001b[39m\u001b[90m 1565 |\u001b[39m     logger\u001b[33m.\u001b[39mwarn(\u001b[32m'Gemini extraction failed, using pattern fallback'\u001b[39m\u001b[33m,\u001b[39m {\u001b[22m\n\u001b[2m     \u001b[90m      |\u001b[39m            \u001b[31m\u001b[1m^\u001b[22m\u001b[2m\u001b[39m\u001b[22m\n\u001b[2m     \u001b[90m 1566 |\u001b[39m       error\u001b[33m:\u001b[39m error \u001b[36minstanceof\u001b[39m \u001b[33mError\u001b[39m \u001b[33m?\u001b[39m error\u001b[33m.\u001b[39mmessage \u001b[33m:\u001b[39m \u001b[32m'Unknown error'\u001b[39m\u001b[33m,\u001b[39m\u001b[22m\n\u001b[2m     \u001b[90m 1567 |\u001b[39m     })\u001b[33m;\u001b[39m\u001b[22m\n\u001b[2m     \u001b[90m 1568 |\u001b[39m   }\u001b[0m\u001b[22m\n\u001b[2m\u001b[22m\n\u001b[2m      \u001b[2mat extractDocumentData (\u001b[22m\u001b[2msrc/multiagent/agents/extractorAgent.ts\u001b[2m:1565:12)\u001b[22m\u001b[2m\u001b[22m\n\u001b[2m      \u001b[2mat Object.<anonymous> (\u001b[22m\u001b[2m\u001b[0m\u001b[36msrc/multiagent/agents/__tests__/extractorAgent.test.ts\u001b[39m\u001b[0m\u001b[2m:422:22)\u001b[22m\u001b[2m\u001b[22m\n\n\u001b[1m\u001b[31m  \u001b[1m● \u001b[22m\u001b[1mExtractorAgent › extractDocumentData with Gemini › should fallback to pattern matching when Gemini fails\u001b[39m\u001b[22m\n\n    TypeError: piiSafeLogger_1.piiSafeLogger.warn is not a function\n\u001b[2m\u001b[22m\n\u001b[2m    \u001b[0m \u001b[90m 1563 |\u001b[39m     })\u001b[33m;\u001b[39m\u001b[22m\n\u001b[2m     \u001b[90m 1564 |\u001b[39m   } \u001b[36mcatch\u001b[39m (error) {\u001b[22m\n\u001b[2m    \u001b[31m\u001b[1m>\u001b[22m\u001b[2m\u001b[39m\u001b[90m 1565 |\u001b[39m     logger\u001b[33m.\u001b[39mwarn(\u001b[32m'Gemini extraction failed, using pattern fallback'\u001b[39m\u001b[33m,\u001b[39m {\u001b[22m\n\u001b[2m     \u001b[90m      |\u001b[39m            \u001b[31m\u001b[1m^\u001b[22m\u001b[2m\u001b[39m\u001b[22m\n\u001b[2m     \u001b[90m 1566 |\u001b[39m       error\u001b[33m:\u001b[39m error \u001b[36minstanceof\u001b[39m \u001b[33mError\u001b[39m \u001b[33m?\u001b[39m error\u001b[33m.\u001b[39mmessage \u001b[33m:\u001b[39m \u001b[32m'Unknown error'\u001b[39m\u001b[33m,\u001b[39m\u001b[22m\n\u001b[2m     \u001b[90m 1567 |\u001b[39m     })\u001b[33m;\u001b[39m\u001b[22m\n\u001b[2m     \u001b[90m 1568 |\u001b[39m   }\u001b[0m\u001b[22m\n\u001b[2m\u001b[22m\n\u001b[2m      \u001b[2mat extractDocumentData (\u001b[22m\u001b[2msrc/multiagent/agents/extractorAgent.ts\u001b[2m:1565:12)\u001b[22m\u001b[2m\u001b[22m\n\u001b[2m      \u001b[2mat Object.<anonymous> (\u001b[22m\u001b[2m\u001b[0m\u001b[36msrc/multiagent/agents/__tests__/extractorAgent.test.ts\u001b[39m\u001b[0m\u001b[2m:445:22)\u001b[22m\u001b[2m\u001b[22m\n\n\u001b[1m\u001b[31m  \u001b[1m● \u001b[22m\u001b[1mExtractorAgent › extractDocumentData with Gemini › should handle Gemini response with markdown code blocks\u001b[39m\u001b[22m\n\n    TypeError: piiSafeLogger_1.piiSafeLogger.warn is not a function\n\u001b[2m\u001b[22m\n\u001b[2m    \u001b[0m \u001b[90m 1563 |\u001b[39m     })\u001b[33m;\u001b[39m\u001b[22m\n\u001b[2m     \u001b[90m 1564 |\u001b[39m   } \u001b[36mcatch\u001b[39m (error) {\u001b[22m\n\u001b[2m    \u001b[31m\u001b[1m>\u001b[22m\u001b[2m\u001b[39m\u001b[90m 1565 |\u001b[39m     logger\u001b[33m.\u001b[39mwarn(\u001b[32m'Gemini extraction failed, using pattern fallback'\u001b[39m\u001b[33m,\u001b[39m {\u001b[22m\n\u001b[2m     \u001b[90m      |\u001b[39m            \u001b[31m\u001b[1m^\u001b[22m\u001b[2m\u001b[39m\u001b[22m\n\u001b[2m     \u001b[90m 1566 |\u001b[39m       error\u001b[33m:\u001b[39m error \u001b[36minstanceof\u001b[39m \u001b[33mError\u001b[39m \u001b[33m?\u001b[39m error\u001b[33m.\u001b[39mmessage \u001b[33m:\u001b[39m \u001b[32m'Unknown error'\u001b[39m\u001b[33m,\u001b[39m\u001b[22m\n\u001b[2m     \u001b[90m 1567 |\u001b[39m     })\u001b[33m;\u001b[39m\u001b[22m\n\u001b[2m     \u001b[90m 1568 |\u001b[39m   }\u001b[0m\u001b[22m\n\u001b[2m\u001b[22m\n\u001b[2m      \u001b[2mat extractDocumentData (\u001b[22m\u001b[2msrc/multiagent/agents/extractorAgent.ts\u001b[2m:1565:12)\u001b[22m\u001b[2m\u001b[22m\n\u001b[2m      \u001b[2mat Object.<anonymous> (\u001b[22m\u001b[2m\u001b[0m\u001b[36msrc/multiagent/agents/__tests__/extractorAgent.test.ts\u001b[39m\u001b[0m\u001b[2m:474:22)\u001b[22m\u001b[2m\u001b[22m\n\n\u001b[1m\u001b[31m  \u001b[1m● \u001b[22m\u001b[1mExtractorAgent › extractDocumentData with Gemini › should merge LLM and pattern results\u001b[39m\u001b[22m\n\n    TypeError: piiSafeLogger_1.piiSafeLogger.warn is not a function\n\u001b[2m\u001b[22m\n\u001b[2m    \u001b[0m \u001b[90m 1563 |\u001b[39m     })\u001b[33m;\u001b[39m\u001b[22m\n\u001b[2m     \u001b[90m 1564 |\u001b[39m   } \u001b[36mcatch\u001b[39m (error) {\u001b[22m\n\u001b[2m    \u001b[31m\u001b[1m>\u001b[22m\u001b[2m\u001b[39m\u001b[90m 1565 |\u001b[39m     logger\u001b[33m.\u001b[39mwarn(\u001b[32m'Gemini extraction failed, using pattern fallback'\u001b[39m\u001b[33m,\u001b[39m {\u001b[22m\n\u001b[2m     \u001b[90m      |\u001b[39m            \u001b[31m\u001b[1m^\u001b[22m\u001b[2m\u001b[39m\u001b[22m\n\u001b[2m     \u001b[90m 1566 |\u001b[39m       error\u001b[33m:\u001b[39m error \u001b[36minstanceof\u001b[39m \u001b[33mError\u001b[39m \u001b[33m?\u001b[39m error\u001b[33m.\u001b[39mmessage \u001b[33m:\u001b[39m \u001b[32m'Unknown error'\u001b[39m\u001b[33m,\u001b[39m\u001b[22m\n\u001b[2m     \u001b[90m 1567 |\u001b[39m     })\u001b[33m;\u001b[39m\u001b[22m\n\u001b[2m     \u001b[90m 1568 |\u001b[39m   }\u001b[0m\u001b[22m\n\u001b[2m\u001b[22m\n\u001b[2m      \u001b[2mat extractDocumentData (\u001b[22m\u001b[2msrc/multiagent/agents/extractorAgent.ts\u001b[2m:1565:12)\u001b[22m\u001b[2m\u001b[22m\n\u001b[2m      \u001b[2mat Object.<anonymous> (\u001b[22m\u001b[2m\u001b[0m\u001b[36msrc/multiagent/agents/__tests__/extractorAgent.test.ts\u001b[39m\u001b[0m\u001b[2m:506:22)\u001b[22m\u001b[2m\u001b[22m\n\n\u001b[1m\u001b[31m  \u001b[1m● \u001b[22m\u001b[1mExtractorAgent › extractDocumentData with Gemini › should handle image-based extraction\u001b[39m\u001b[22m\n\n    TypeError: piiSafeLogger_1.piiSafeLogger.warn is not a function\n\u001b[2m\u001b[22m\n\u001b[2m    \u001b[0m \u001b[90m 1563 |\u001b[39m     })\u001b[33m;\u001b[39m\u001b[22m\n\u001b[2m     \u001b[90m 1564 |\u001b[39m   } \u001b[36mcatch\u001b[39m (error) {\u001b[22m\n\u001b[2m    \u001b[31m\u001b[1m>\u001b[22m\u001b[2m\u001b[39m\u001b[90m 1565 |\u001b[39m     logger\u001b[33m.\u001b[39mwarn(\u001b[32m'Gemini extraction failed, using pattern fallback'\u001b[39m\u001b[33m,\u001b[39m {\u001b[22m\n\u001b[2m     \u001b[90m      |\u001b[39m            \u001b[31m\u001b[1m^\u001b[22m\u001b[2m\u001b[39m\u001b[22m\n\u001b[2m     \u001b[90m 1566 |\u001b[39m       error\u001b[33m:\u001b[39m error \u001b[36minstanceof\u001b[39m \u001b[33mError\u001b[39m \u001b[33m?\u001b[39m error\u001b[33m.\u001b[39mmessage \u001b[33m:\u001b[39m \u001b[32m'Unknown error'\u001b[39m\u001b[33m,\u001b[39m\u001b[22m\n\u001b[2m     \u001b[90m 1567 |\u001b[39m     })\u001b[33m;\u001b[39m\u001b[22m\n\u001b[2m     \u001b[90m 1568 |\u001b[39m   }\u001b[0m\u001b[22m\n\u001b[2m\u001b[22m\n\u001b[2m      \u001b[2mat extractDocumentData (\u001b[22m\u001b[2msrc/multiagent/agents/extractorAgent.ts\u001b[2m:1565:12)\u001b[22m\u001b[2m\u001b[22m\n\u001b[2m      \u001b[2mat Object.<anonymous> (\u001b[22m\u001b[2m\u001b[0m\u001b[36msrc/multiagent/agents/__tests__/extractorAgent.test.ts\u001b[39m\u001b[0m\u001b[2m:535:22)\u001b[22m\u001b[2m\u001b[22m\n\n\u001b[1m\u001b[31m  \u001b[1m● \u001b[22m\u001b[1mExtractorAgent › extractDocumentData with Gemini › should clamp confidence values to 0-100 range\u001b[39m\u001b[22m\n\n    TypeError: piiSafeLogger_1.piiSafeLogger.warn is not a function\n\u001b[2m\u001b[22m\n\u001b[2m    \u001b[0m \u001b[90m 1563 |\u001b[39m     })\u001b[33m;\u001b[39m\u001b[22m\n\u001b[2m     \u001b[90m 1564 |\u001b[39m   } \u001b[36mcatch\u001b[39m (error) {\u001b[22m\n\u001b[2m    \u001b[31m\u001b[1m>\u001b[22m\u001b[2m\u001b[39m\u001b[90m 1565 |\u001b[39m     logger\u001b[33m.\u001b[39mwarn(\u001b[32m'Gemini extraction failed, using pattern fallback'\u001b[39m\u001b[33m,\u001b[39m {\u001b[22m\n\u001b[2m     \u001b[90m      |\u001b[39m            \u001b[31m\u001b[1m^\u001b[22m\u001b[2m\u001b[39m\u001b[22m\n\u001b[2m     \u001b[90m 1566 |\u001b[39m       error\u001b[33m:\u001b[39m error \u001b[36minstanceof\u001b[39m \u001b[33mError\u001b[39m \u001b[33m?\u001b[39m error\u001b[33m.\u001b[39mmessage \u001b[33m:\u001b[39m \u001b[32m'Unknown error'\u001b[39m\u001b[33m,\u001b[39m\u001b[22m\n\u001b[2m     \u001b[90m 1567 |\u001b[39m     })\u001b[33m;\u001b[39m\u001b[22m\n\u001b[2m     \u001b[90m 1568 |\u001b[39m   }\u001b[0m\u001b[22m\n\u001b[2m\u001b[22m\n\u001b[2m      \u001b[2mat extractDocumentData (\u001b[22m\u001b[2msrc/multiagent/agents/extractorAgent.ts\u001b[2m:1565:12)\u001b[22m\u001b[2m\u001b[22m\n\u001b[2m      \u001b[2mat Object.<anonymous> (\u001b[22m\u001b[2m\u001b[0m\u001b[36msrc/multiagent/agents/__tests__/extractorAgent.test.ts\u001b[39m\u001b[0m\u001b[2m:562:22)\u001b[22m\u001b[2m\u001b[22m\n\n\u001b[1m\u001b[31m  \u001b[1m● \u001b[22m\u001b[1mExtractorAgent › extractDocumentData with Gemini › should retry on transient failures\u001b[39m\u001b[22m\n\n    TypeError: piiSafeLogger_1.piiSafeLogger.warn is not a function\n\u001b[2m\u001b[22m\n\u001b[2m    \u001b[0m \u001b[90m 1563 |\u001b[39m     })\u001b[33m;\u001b[39m\u001b[22m\n\u001b[2m     \u001b[90m 1564 |\u001b[39m   } \u001b[36mcatch\u001b[39m (error) {\u001b[22m\n\u001b[2m    \u001b[31m\u001b[1m>\u001b[22m\u001b[2m\u001b[39m\u001b[90m 1565 |\u001b[39m     logger\u001b[33m.\u001b[39mwarn(\u001b[32m'Gemini extraction failed, using pattern fallback'\u001b[39m\u001b[33m,\u001b[39m {\u001b[22m\n\u001b[2m     \u001b[90m      |\u001b[39m            \u001b[31m\u001b[1m^\u001b[22m\u001b[2m\u001b[39m\u001b[22m\n\u001b[2m     \u001b[90m 1566 |\u001b[39m       error\u001b[33m:\u001b[39m error \u001b[36minstanceof\u001b[39m \u001b[33mError\u001b[39m \u001b[33m?\u001b[39m error\u001b[33m.\u001b[39mmessage \u001b[33m:\u001b[39m \u001b[32m'Unknown error'\u001b[39m\u001b[33m,\u001b[39m\u001b[22m\n\u001b[2m     \u001b[90m 1567 |\u001b[39m     })\u001b[33m;\u001b[39m\u001b[22m\n\u001b[2m     \u001b[90m 1568 |\u001b[39m   }\u001b[0m\u001b[22m\n\u001b[2m\u001b[22m\n\u001b[2m      \u001b[2mat extractDocumentData (\u001b[22m\u001b[2msrc/multiagent/agents/extractorAgent.ts\u001b[2m:1565:12)\u001b[22m\u001b[2m\u001b[22m\n\u001b[2m      \u001b[2mat Object.<anonymous> (\u001b[22m\u001b[2m\u001b[0m\u001b[36msrc/multiagent/agents/__tests__/extractorAgent.test.ts\u001b[39m\u001b[0m\u001b[2m:588:22)\u001b[22m\u001b[2m\u001b[22m\n\n\u001b[1m\u001b[31m  \u001b[1m● \u001b[22m\u001b[1mExtractorAgent › ExtractionResult Structure › should return valid ExtractionResult structure\u001b[39m\u001b[22m\n\n    TypeError: piiSafeLogger_1.piiSafeLogger.warn is not a function\n\u001b[2m\u001b[22m\n\u001b[2m    \u001b[0m \u001b[90m 1563 |\u001b[39m     })\u001b[33m;\u001b[39m\u001b[22m\n\u001b[2m     \u001b[90m 1564 |\u001b[39m   } \u001b[36mcatch\u001b[39m (error) {\u001b[22m\n\u001b[2m    \u001b[31m\u001b[1m>\u001b[22m\u001b[2m\u001b[39m\u001b[90m 1565 |\u001b[39m     logger\u001b[33m.\u001b[39mwarn(\u001b[32m'Gemini extraction failed, using pattern fallback'\u001b[39m\u001b[33m,\u001b[39m {\u001b[22m\n\u001b[2m     \u001b[90m      |\u001b[39m            \u001b[31m\u001b[1m^\u001b[22m\u001b[2m\u001b[39m\u001b[22m\n\u001b[2m     \u001b[90m 1566 |\u001b[39m       error\u001b[33m:\u001b[39m error \u001b[36minstanceof\u001b[39m \u001b[33mError\u001b[39m \u001b[33m?\u001b[39m error\u001b[33m.\u001b[39mmessage \u001b[33m:\u001b[39m \u001b[32m'Unknown error'\u001b[39m\u001b[33m,\u001b[39m\u001b[22m\n\u001b[2m     \u001b[90m 1567 |\u001b[39m     })\u001b[33m;\u001b[39m\u001b[22m\n\u001b[2m     \u001b[90m 1568 |\u001b[39m   }\u001b[0m\u001b[22m\n\u001b[2m\u001b[22m\n\u001b[2m      \u001b[2mat extractDocumentData (\u001b[22m\u001b[2msrc/multiagent/agents/extractorAgent.ts\u001b[2m:1565:12)\u001b[22m\u001b[2m\u001b[22m\n\u001b[2m      \u001b[2mat Object.<anonymous> (\u001b[22m\u001b[2m\u001b[0m\u001b[36msrc/multiagent/agents/__tests__/extractorAgent.test.ts\u001b[39m\u001b[0m\u001b[2m:612:22)\u001b[22m\u001b[2m\u001b[22m\n\n\u001b[1m\u001b[31m  \u001b[1m● \u001b[22m\u001b[1mExtractorAgent › ExtractionResult Structure › should include per-field confidence in ExtractedFieldResult format\u001b[39m\u001b[22m\n\n    TypeError: piiSafeLogger_1.piiSafeLogger.warn is not a function\n\u001b[2m\u001b[22m\n\u001b[2m    \u001b[0m \u001b[90m 1563 |\u001b[39m     })\u001b[33m;\u001b[39m\u001b[22m\n\u001b[2m     \u001b[90m 1564 |\u001b[39m   } \u001b[36mcatch\u001b[39m (error) {\u001b[22m\n\u001b[2m    \u001b[31m\u001b[1m>\u001b[22m\u001b[2m\u001b[39m\u001b[90m 1565 |\u001b[39m     logger\u001b[33m.\u001b[39mwarn(\u001b[32m'Gemini extraction failed, using pattern fallback'\u001b[39m\u001b[33m,\u001b[39m {\u001b[22m\n\u001b[2m     \u001b[90m      |\u001b[39m            \u001b[31m\u001b[1m^\u001b[22m\u001b[2m\u001b[39m\u001b[22m\n\u001b[2m     \u001b[90m 1566 |\u001b[39m       error\u001b[33m:\u001b[39m error \u001b[36minstanceof\u001b[39m \u001b[33mError\u001b[39m \u001b[33m?\u001b[39m error\u001b[33m.\u001b[39mmessage \u001b[33m:\u001b[39m \u001b[32m'Unknown error'\u001b[39m\u001b[33m,\u001b[39m\u001b[22m\n\u001b[2m     \u001b[90m 1567 |\u001b[39m     })\u001b[33m;\u001b[39m\u001b[22m\n\u001b[2m     \u001b[90m 1568 |\u001b[39m   }\u001b[0m\u001b[22m\n\u001b[2m\u001b[22m\n\u001b[2m      \u001b[2mat extractDocumentData (\u001b[22m\u001b[2msrc/multiagent/agents/extractorAgent.ts\u001b[2m:1565:12)\u001b[22m\u001b[2m\u001b[22m\n\u001b[2m      \u001b[2mat Object.<anonymous> (\u001b[22m\u001b[2m\u001b[0m\u001b[36msrc/multiagent/agents/__tests__/extractorAgent.test.ts\u001b[39m\u001b[0m\u001b[2m:645:22)\u001b[22m\u001b[2m\u001b[22m\n\n\u001b[1m\u001b[31m  \u001b[1m● \u001b[22m\u001b[1mExtractorAgent › Edge Cases › should handle empty text\u001b[39m\u001b[22m\n\n    TypeError: piiSafeLogger_1.piiSafeLogger.warn is not a function\n\u001b[2m\u001b[22m\n\u001b[2m    \u001b[0m \u001b[90m 1563 |\u001b[39m     })\u001b[33m;\u001b[39m\u001b[22m\n\u001b[2m     \u001b[90m 1564 |\u001b[39m   } \u001b[36mcatch\u001b[39m (error) {\u001b[22m\n\u001b[2m    \u001b[31m\u001b[1m>\u001b[22m\u001b[2m\u001b[39m\u001b[90m 1565 |\u001b[39m     logger\u001b[33m.\u001b[39mwarn(\u001b[32m'Gemini extraction failed, using pattern fallback'\u001b[39m\u001b[33m,\u001b[39m {\u001b[22m\n\u001b[2m     \u001b[90m      |\u001b[39m            \u001b[31m\u001b[1m^\u001b[22m\u001b[2m\u001b[39m\u001b[22m\n\u001b[2m     \u001b[90m 1566 |\u001b[39m       error\u001b[33m:\u001b[39m error \u001b[36minstanceof\u001b[39m \u001b[33mError\u001b[39m \u001b[33m?\u001b[39m error\u001b[33m.\u001b[39mmessage \u001b[33m:\u001b[39m \u001b[32m'Unknown error'\u001b[39m\u001b[33m,\u001b[39m\u001b[22m\n\u001b[2m     \u001b[90m 1567 |\u001b[39m     })\u001b[33m;\u001b[39m\u001b[22m\n\u001b[2m     \u001b[90m 1568 |\u001b[39m   }\u001b[0m\u001b[22m\n\u001b[2m\u001b[22m\n\u001b[2m      \u001b[2mat extractDocumentData (\u001b[22m\u001b[2msrc/multiagent/agents/extractorAgent.ts\u001b[2m:1565:12)\u001b[22m\u001b[2m\u001b[22m\n\u001b[2m      \u001b[2mat Object.<anonymous> (\u001b[22m\u001b[2m\u001b[0m\u001b[36msrc/multiagent/agents/__tests__/extractorAgent.test.ts\u001b[39m\u001b[0m\u001b[2m:672:22)\u001b[22m\u001b[2m\u001b[22m\n\n\u001b[1m\u001b[31m  \u001b[1m● \u001b[22m\u001b[1mExtractorAgent › Edge Cases › should handle very long text\u001b[39m\u001b[22m\n\n    TypeError: piiSafeLogger_1.piiSafeLogger.warn is not a function\n\u001b[2m\u001b[22m\n\u001b[2m    \u001b[0m \u001b[90m 1563 |\u001b[39m     })\u001b[33m;\u001b[39m\u001b[22m\n\u001b[2m     \u001b[90m 1564 |\u001b[39m   } \u001b[36mcatch\u001b[39m (error) {\u001b[22m\n\u001b[2m    \u001b[31m\u001b[1m>\u001b[22m\u001b[2m\u001b[39m\u001b[90m 1565 |\u001b[39m     logger\u001b[33m.\u001b[39mwarn(\u001b[32m'Gemini extraction failed, using pattern fallback'\u001b[39m\u001b[33m,\u001b[39m {\u001b[22m\n\u001b[2m     \u001b[90m      |\u001b[39m            \u001b[31m\u001b[1m^\u001b[22m\u001b[2m\u001b[39m\u001b[22m\n\u001b[2m     \u001b[90m 1566 |\u001b[39m       error\u001b[33m:\u001b[39m error \u001b[36minstanceof\u001b[39m \u001b[33mError\u001b[39m \u001b[33m?\u001b[39m error\u001b[33m.\u001b[39mmessage \u001b[33m:\u001b[39m \u001b[32m'Unknown error'\u001b[39m\u001b[33m,\u001b[39m\u001b[22m\n\u001b[2m     \u001b[90m 1567 |\u001b[39m     })\u001b[33m;\u001b[39m\u001b[22m\n\u001b[2m     \u001b[90m 1568 |\u001b[39m   }\u001b[0m\u001b[22m\n\u001b[2m\u001b[22m\n\u001b[2m      \u001b[2mat extractDocumentData (\u001b[22m\u001b[2msrc/multiagent/agents/extractorAgent.ts\u001b[2m:1565:12)\u001b[22m\u001b[2m\u001b[22m\n\u001b[2m      \u001b[2mat Object.<anonymous> (\u001b[22m\u001b[2m\u001b[0m\u001b[36msrc/multiagent/agents/__tests__/extractorAgent.test.ts\u001b[39m\u001b[0m\u001b[2m:693:22)\u001b[22m\u001b[2m\u001b[22m\n\n\u001b[1m\u001b[31m  \u001b[1m● \u001b[22m\u001b[1mExtractorAgent › Edge Cases › should handle special characters\u001b[39m\u001b[22m\n\n    TypeError: piiSafeLogger_1.piiSafeLogger.warn is not a function\n\u001b[2m\u001b[22m\n\u001b[2m    \u001b[0m \u001b[90m 1563 |\u001b[39m     })\u001b[33m;\u001b[39m\u001b[22m\n\u001b[2m     \u001b[90m 1564 |\u001b[39m   } \u001b[36mcatch\u001b[39m (error) {\u001b[22m\n\u001b[2m    \u001b[31m\u001b[1m>\u001b[22m\u001b[2m\u001b[39m\u001b[90m 1565 |\u001b[39m     logger\u001b[33m.\u001b[39mwarn(\u001b[32m'Gemini extraction failed, using pattern fallback'\u001b[39m\u001b[33m,\u001b[39m {\u001b[22m\n\u001b[2m     \u001b[90m      |\u001b[39m            \u001b[31m\u001b[1m^\u001b[22m\u001b[2m\u001b[39m\u001b[22m\n\u001b[2m     \u001b[90m 1566 |\u001b[39m       error\u001b[33m:\u001b[39m error \u001b[36minstanceof\u001b[39m \u001b[33mError\u001b[39m \u001b[33m?\u001b[39m error\u001b[33m.\u001b[39mmessage \u001b[33m:\u001b[39m \u001b[32m'Unknown error'\u001b[39m\u001b[33m,\u001b[39m\u001b[22m\n\u001b[2m     \u001b[90m 1567 |\u001b[39m     })\u001b[33m;\u001b[39m\u001b[22m\n\u001b[2m     \u001b[90m 1568 |\u001b[39m   }\u001b[0m\u001b[22m\n\u001b[2m\u001b[22m\n\u001b[2m      \u001b[2mat extractDocumentData (\u001b[22m\u001b[2msrc/multiagent/agents/extractorAgent.ts\u001b[2m:1565:12)\u001b[22m\u001b[2m\u001b[22m\n\u001b[2m      \u001b[2mat Object.<anonymous> (\u001b[22m\u001b[2m\u001b[0m\u001b[36msrc/multiagent/agents/__tests__/extractorAgent.test.ts\u001b[39m\u001b[0m\u001b[2m:714:22)\u001b[22m\u001b[2m\u001b[22m\n\n\u001b[1m\u001b[31m  \u001b[1m● \u001b[22m\u001b[1mExtractorAgent › Edge Cases › should handle unicode characters\u001b[39m\u001b[22m\n\n    TypeError: piiSafeLogger_1.piiSafeLogger.warn is not a function\n\u001b[2m\u001b[22m\n\u001b[2m    \u001b[0m \u001b[90m 1563 |\u001b[39m     })\u001b[33m;\u001b[39m\u001b[22m\n\u001b[2m     \u001b[90m 1564 |\u001b[39m   } \u001b[36mcatch\u001b[39m (error) {\u001b[22m\n\u001b[2m    \u001b[31m\u001b[1m>\u001b[22m\u001b[2m\u001b[39m\u001b[90m 1565 |\u001b[39m     logger\u001b[33m.\u001b[39mwarn(\u001b[32m'Gemini extraction failed, using pattern fallback'\u001b[39m\u001b[33m,\u001b[39m {\u001b[22m\n\u001b[2m     \u001b[90m      |\u001b[39m            \u001b[31m\u001b[1m^\u001b[22m\u001b[2m\u001b[39m\u001b[22m\n\u001b[2m     \u001b[90m 1566 |\u001b[39m       error\u001b[33m:\u001b[39m error \u001b[36minstanceof\u001b[39m \u001b[33mError\u001b[39m \u001b[33m?\u001b[39m error\u001b[33m.\u001b[39mmessage \u001b[33m:\u001b[39m \u001b[32m'Unknown error'\u001b[39m\u001b[33m,\u001b[39m\u001b[22m\n\u001b[2m     \u001b[90m 1567 |\u001b[39m     })\u001b[33m;\u001b[39m\u001b[22m\n\u001b[2m     \u001b[90m 1568 |\u001b[39m   }\u001b[0m\u001b[22m\n\u001b[2m\u001b[22m\n\u001b[2m      \u001b[2mat extractDocumentData (\u001b[22m\u001b[2msrc/multiagent/agents/extractorAgent.ts\u001b[2m:1565:12)\u001b[22m\u001b[2m\u001b[22m\n\u001b[2m      \u001b[2mat Object.<anonymous> (\u001b[22m\u001b[2m\u001b[0m\u001b[36msrc/multiagent/agents/__tests__/extractorAgent.test.ts\u001b[39m\u001b[0m\u001b[2m:738:22)\u001b[22m\u001b[2m\u001b[22m\n\n\u001b[1m\u001b[31m  \u001b[1m● \u001b[22m\u001b[1mExtractorAgent › Edge Cases › should handle UNKNOWN category\u001b[39m\u001b[22m\n\n    TypeError: piiSafeLogger_1.piiSafeLogger.warn is not a function\n\u001b[2m\u001b[22m\n\u001b[2m    \u001b[0m \u001b[90m 1563 |\u001b[39m     })\u001b[33m;\u001b[39m\u001b[22m\n\u001b[2m     \u001b[90m 1564 |\u001b[39m   } \u001b[36mcatch\u001b[39m (error) {\u001b[22m\n\u001b[2m    \u001b[31m\u001b[1m>\u001b[22m\u001b[2m\u001b[39m\u001b[90m 1565 |\u001b[39m     logger\u001b[33m.\u001b[39mwarn(\u001b[32m'Gemini extraction failed, using pattern fallback'\u001b[39m\u001b[33m,\u001b[39m {\u001b[22m\n\u001b[2m     \u001b[90m      |\u001b[39m            \u001b[31m\u001b[1m^\u001b[22m\u001b[2m\u001b[39m\u001b[22m\n\u001b[2m     \u001b[90m 1566 |\u001b[39m       error\u001b[33m:\u001b[39m error \u001b[36minstanceof\u001b[39m \u001b[33mError\u001b[39m \u001b[33m?\u001b[39m error\u001b[33m.\u001b[39mmessage \u001b[33m:\u001b[39m \u001b[32m'Unknown error'\u001b[39m\u001b[33m,\u001b[39m\u001b[22m\n\u001b[2m     \u001b[90m 1567 |\u001b[39m     })\u001b[33m;\u001b[39m\u001b[22m\n\u001b[2m     \u001b[90m 1568 |\u001b[39m   }\u001b[0m\u001b[22m\n\u001b[2m\u001b[22m\n\u001b[2m      \u001b[2mat extractDocumentData (\u001b[22m\u001b[2msrc/multiagent/agents/extractorAgent.ts\u001b[2m:1565:12)\u001b[22m\u001b[2m\u001b[22m\n\u001b[2m      \u001b[2mat Object.<anonymous> (\u001b[22m\u001b[2m\u001b[0m\u001b[36msrc/multiagent/agents/__tests__/extractorAgent.test.ts\u001b[39m\u001b[0m\u001b[2m:756:22)\u001b[22m\u001b[2m\u001b[22m\n\n\u001b[1m\u001b[31m  \u001b[1m● \u001b[22m\u001b[1mExtractorAgent › Edge Cases › should throw on API key error without retry\u001b[39m\u001b[22m\n\n    TypeError: piiSafeLogger_1.piiSafeLogger.warn is not a function\n\u001b[2m\u001b[22m\n\u001b[2m    \u001b[0m \u001b[90m 1563 |\u001b[39m     })\u001b[33m;\u001b[39m\u001b[22m\n\u001b[2m     \u001b[90m 1564 |\u001b[39m   } \u001b[36mcatch\u001b[39m (error) {\u001b[22m\n\u001b[2m    \u001b[31m\u001b[1m>\u001b[22m\u001b[2m\u001b[39m\u001b[90m 1565 |\u001b[39m     logger\u001b[33m.\u001b[39mwarn(\u001b[32m'Gemini extraction failed, using pattern fallback'\u001b[39m\u001b[33m,\u001b[39m {\u001b[22m\n\u001b[2m     \u001b[90m      |\u001b[39m            \u001b[31m\u001b[1m^\u001b[22m\u001b[2m\u001b[39m\u001b[22m\n\u001b[2m     \u001b[90m 1566 |\u001b[39m       error\u001b[33m:\u001b[39m error \u001b[36minstanceof\u001b[39m \u001b[33mError\u001b[39m \u001b[33m?\u001b[39m error\u001b[33m.\u001b[39mmessage \u001b[33m:\u001b[39m \u001b[32m'Unknown error'\u001b[39m\u001b[33m,\u001b[39m\u001b[22m\n\u001b[2m     \u001b[90m 1567 |\u001b[39m     })\u001b[33m;\u001b[39m\u001b[22m\n\u001b[2m     \u001b[90m 1568 |\u001b[39m   }\u001b[0m\u001b[22m\n\u001b[2m\u001b[22m\n\u001b[2m      \u001b[2mat extractDocumentData (\u001b[22m\u001b[2msrc/multiagent/agents/extractorAgent.ts\u001b[2m:1565:12)\u001b[22m\u001b[2m\u001b[22m\n\u001b[2m      \u001b[2mat Object.<anonymous> (\u001b[22m\u001b[2m\u001b[0m\u001b[36msrc/multiagent/agents/__tests__/extractorAgent.test.ts\u001b[39m\u001b[0m\u001b[2m:768:22)\u001b[22m\u001b[2m\u001b[22m\n\n\u001b[1m\u001b[31m  \u001b[1m● \u001b[22m\u001b[1mExtractorAgent › Confidence Thresholds › should apply pattern validation boost to valid patterns\u001b[39m\u001b[22m\n\n    TypeError: piiSafeLogger_1.piiSafeLogger.warn is not a function\n\u001b[2m\u001b[22m\n\u001b[2m    \u001b[0m \u001b[90m 1563 |\u001b[39m     })\u001b[33m;\u001b[39m\u001b[22m\n\u001b[2m     \u001b[90m 1564 |\u001b[39m   } \u001b[36mcatch\u001b[39m (error) {\u001b[22m\n\u001b[2m    \u001b[31m\u001b[1m>\u001b[22m\u001b[2m\u001b[39m\u001b[90m 1565 |\u001b[39m     logger\u001b[33m.\u001b[39mwarn(\u001b[32m'Gemini extraction failed, using pattern fallback'\u001b[39m\u001b[33m,\u001b[39m {\u001b[22m\n\u001b[2m     \u001b[90m      |\u001b[39m            \u001b[31m\u001b[1m^\u001b[22m\u001b[2m\u001b[39m\u001b[22m\n\u001b[2m     \u001b[90m 1566 |\u001b[39m       error\u001b[33m:\u001b[39m error \u001b[36minstanceof\u001b[39m \u001b[33mError\u001b[39m \u001b[33m?\u001b[39m error\u001b[33m.\u001b[39mmessage \u001b[33m:\u001b[39m \u001b[32m'Unknown error'\u001b[39m\u001b[33m,\u001b[39m\u001b[22m\n\u001b[2m     \u001b[90m 1567 |\u001b[39m     })\u001b[33m;\u001b[39m\u001b[22m\n\u001b[2m     \u001b[90m 1568 |\u001b[39m   }\u001b[0m\u001b[22m\n\u001b[2m\u001b[22m\n\u001b[2m      \u001b[2mat extractDocumentData (\u001b[22m\u001b[2msrc/multiagent/agents/extractorAgent.ts\u001b[2m:1565:12)\u001b[22m\u001b[2m\u001b[22m\n\u001b[2m      \u001b[2mat Object.<anonymous> (\u001b[22m\u001b[2m\u001b[0m\u001b[36msrc/multiagent/agents/__tests__/extractorAgent.test.ts\u001b[39m\u001b[0m\u001b[2m:801:22)\u001b[22m\u001b[2m\u001b[22m\n","name":"N:\\IntelliFill\\quikadmin\\src\\multiagent\\agents\\__tests__\\extractorAgent.test.ts","startTime":1772211200992,"status":"failed","summary":""}],"wasInterrupted":false}
